<?xml version="1.0" encoding="UTF-8"?>
<!-- Generated by org.testng.reporters.JUnitXMLReporter -->
<testsuite hostname="qtlsys2-17" ignored="113" name="Test" tests="2" failures="1" timestamp="23 Dec 2019 08:51:52 GMT" time="398.088" errors="0">
  <testcase name="PartialPayment_MultipleTenderTypes" time="189.331" classname="pack.AA_WY_PDL"/>
  <testcase name="Loan_PerformACHOptoutBeforePreNoteDate_PreNotedepnotpost" time="184.866" classname="pack.AA_WY_PDL">
    <failure type="org.openqa.selenium.NoSuchElementException" message="Unable to find element with xpath == /html/body/form[1]/table/tbody/tr/td/table/tbody/tr/td/table/tbody/tr[1]/td[2]/table/tbody/tr[3]/td/table/tbody/tr[5]/td[2]/input[2] (WARNING: The server did not provide any stacktrace information)
Command duration or timeout: 0 milliseconds
For documentation on this error, please visit: http://seleniumhq.org/exceptions/no_such_element.html
Build info: version: &amp;apos;3.14.0&amp;apos;, revision: &amp;apos;aacccce0&amp;apos;, time: &amp;apos;2018-08-02T20:19:58.91Z&amp;apos;
System info: host: &amp;apos;QTLSYS2-17&amp;apos;, ip: &amp;apos;192.168.2.17&amp;apos;, os.name: &amp;apos;Windows 7&amp;apos;, os.arch: &amp;apos;amd64&amp;apos;, os.version: &amp;apos;6.1&amp;apos;, java.version: &amp;apos;1.8.0_101&amp;apos;
Driver info: org.openqa.selenium.ie.InternetExplorerDriver
Capabilities {browserAttachTimeout: 0, browserName: internet explorer, cssSelectorsEnabled: true, elementScrollBehavior: 0, enableElementCacheCleanup: true, enablePersistentHover: true, handlesAlerts: true, ie.browserCommandLineSwitches: , ie.ensureCleanSession: false, ie.forceCreateProcessApi: false, ie.usePerProcessProxy: false, ignoreProtectedModeSettings: false, ignoreZoomSetting: false, initialBrowserUrl: http://localhost:17859/, javascriptEnabled: true, nativeEvents: true, platform: WINDOWS, platformName: WINDOWS, requireWindowFocus: false, takesScreenshot: true, unexpectedAlertBehaviour: dismiss, unhandledPromptBehavior: dismiss, version: 11}
Session ID: 2932adcd-3a55-46ad-8728-3cfee039e149
*** Element info: {Using=xpath, value=/html/body/form[1]/table/tbody/tr/td/table/tbody/tr/td/table/tbody/tr[1]/td[2]/table/tbody/tr[3]/td/table/tbody/tr[5]/td[2]/input[2]}">
      <![CDATA[org.openqa.selenium.NoSuchElementException: Unable to find element with xpath == /html/body/form[1]/table/tbody/tr/td/table/tbody/tr/td/table/tbody/tr[1]/td[2]/table/tbody/tr[3]/td/table/tbody/tr[5]/td[2]/input[2] (WARNING: The server did not provide any stacktrace information)
Command duration or timeout: 0 milliseconds
For documentation on this error, please visit: http://seleniumhq.org/exceptions/no_such_element.html
Build info: version: '3.14.0', revision: 'aacccce0', time: '2018-08-02T20:19:58.91Z'
System info: host: 'QTLSYS2-17', ip: '192.168.2.17', os.name: 'Windows 7', os.arch: 'amd64', os.version: '6.1', java.version: '1.8.0_101'
Driver info: org.openqa.selenium.ie.InternetExplorerDriver
Capabilities {browserAttachTimeout: 0, browserName: internet explorer, cssSelectorsEnabled: true, elementScrollBehavior: 0, enableElementCacheCleanup: true, enablePersistentHover: true, handlesAlerts: true, ie.browserCommandLineSwitches: , ie.ensureCleanSession: false, ie.forceCreateProcessApi: false, ie.usePerProcessProxy: false, ignoreProtectedModeSettings: false, ignoreZoomSetting: false, initialBrowserUrl: http://localhost:17859/, javascriptEnabled: true, nativeEvents: true, platform: WINDOWS, platformName: WINDOWS, requireWindowFocus: false, takesScreenshot: true, unexpectedAlertBehaviour: dismiss, unhandledPromptBehavior: dismiss, version: 11}
Session ID: 2932adcd-3a55-46ad-8728-3cfee039e149
*** Element info: {Using=xpath, value=/html/body/form[1]/table/tbody/tr/td/table/tbody/tr/td/table/tbody/tr[1]/td[2]/table/tbody/tr[3]/td/table/tbody/tr[5]/td[2]/input[2]}
at org.openqa.selenium.remote.ErrorHandler.createThrowable(ErrorHandler.java:214)
at org.openqa.selenium.remote.ErrorHandler.throwIfResponseFailed(ErrorHandler.java:166)
at org.openqa.selenium.remote.http.JsonHttpResponseCodec.reconstructValue(JsonHttpResponseCodec.java:40)
at org.openqa.selenium.remote.http.AbstractHttpResponseCodec.decode(AbstractHttpResponseCodec.java:80)
at org.openqa.selenium.remote.http.AbstractHttpResponseCodec.decode(AbstractHttpResponseCodec.java:44)
at org.openqa.selenium.remote.HttpCommandExecutor.execute(HttpCommandExecutor.java:158)
at org.openqa.selenium.remote.service.DriverCommandExecutor.execute(DriverCommandExecutor.java:83)
at org.openqa.selenium.remote.RemoteWebDriver.execute(RemoteWebDriver.java:548)
at org.openqa.selenium.remote.RemoteWebDriver.findElement(RemoteWebDriver.java:322)
at org.openqa.selenium.remote.RemoteWebDriver.findElementByXPath(RemoteWebDriver.java:424)
at org.openqa.selenium.By$ByXPath.findElement(By.java:353)
at org.openqa.selenium.remote.RemoteWebDriver.findElement(RemoteWebDriver.java:314)
at pack.ACHRevoke.ACHRevoke(ACHRevoke.java:265)
at pack.AA_WY_PDL.Loan_PerformACHOptoutBeforePreNoteDate_PreNotedepnotpost(AA_WY_PDL.java:2438)
... Removed 29 stack frames]]>
    </failure>
  </testcase> <!-- Loan_PerformACHOptoutBeforePreNoteDate_PreNotedepnotpost -->
  <testcase name="PartialPayment_BuyBackChange_Void" time="0.0" classname="pack.AA_WY_PDL">
    <ignored/>
  </testcase> <!-- PartialPayment_BuyBackChange_Void -->
  <testcase name="Loan_ReturnPosting_30PerofTotalDue__CheckWriteOff180daystoretdate" time="0.0" classname="pack.AA_FL_PDL">
    <ignored/>
  </testcase> <!-- Loan_ReturnPosting_30PerofTotalDue__CheckWriteOff180daystoretdate -->
  <testcase name="PartialPayment_BuyBack" time="0.0" classname="pack.AA_WY_PDL">
    <ignored/>
  </testcase> <!-- PartialPayment_BuyBack -->
  <testcase name="VerifyBuyBack_TotalDue" time="0.0" classname="pack.AA_FL_PDL">
    <ignored/>
  </testcase> <!-- VerifyBuyBack_TotalDue -->
  <testcase name="EPP_MissRPPPayment_EOD_Forcefully" time="0.0" classname="pack.AA_FL_PDL">
    <ignored/>
  </testcase> <!-- EPP_MissRPPPayment_EOD_Forcefully -->
  <testcase name="Partialpayment_void" time="0.0" classname="pack.AA_FL_PDL">
    <ignored/>
  </testcase> <!-- Partialpayment_void -->
  <testcase name="Rescind" time="0.0" classname="pack.AA_WY_PDL">
    <ignored/>
  </testcase> <!-- Rescind -->
  <testcase name="Advance_deposit_ACHPP2tenderCCKdiffnumbers_Transactionnprocessed_ValidateandprocessMidDayDeposit_VoidwithCashonlyDisplayed" time="0.0" classname="pack.AA_FL_PDL">
    <ignored/>
  </testcase> <!-- Advance_deposit_ACHPP2tenderCCKdiffnumbers_Transactionnprocessed_ValidateandprocessMidDayDeposit_VoidwithCashonlyDisplayed -->
  <testcase name="PickCustwithDirectDepasYes_Advance_UncheckDepositinEOD_Paydateshouldmoveforward" time="0.0" classname="pack.AA_FL_PDL">
    <ignored/>
  </testcase> <!-- PickCustwithDirectDepasYes_Advance_UncheckDepositinEOD_Paydateshouldmoveforward -->
  <testcase name="Partialpayment_agestorevoid" time="0.0" classname="pack.AA_FL_PDL">
    <ignored/>
  </testcase> <!-- Partialpayment_agestorevoid -->
  <testcase name="Prenotedeposit_Verification" time="0.0" classname="pack.AA_WY_PDL">
    <ignored/>
  </testcase> <!-- Prenotedeposit_Verification -->
  <testcase name="NewLoan_Prenote_Deposit_Verification_weekly" time="0.0" classname="pack.AA_FL_PDL">
    <ignored/>
  </testcase> <!-- NewLoan_Prenote_Deposit_Verification_weekly -->
  <testcase name="Advance_deposit_ACHPP2tenderCCKdiffnumbers_Transactionprocessed_VoidACHPPwithOriginaltender_Validatetenderdetails" time="0.0" classname="pack.AA_FL_PDL">
    <ignored/>
  </testcase> <!-- Advance_deposit_ACHPP2tenderCCKdiffnumbers_Transactionprocessed_VoidACHPPwithOriginaltender_Validatetenderdetails -->
  <testcase name="NewLoan_VoidEncryptionKey" time="0.0" classname="pack.AA_FL_PDL">
    <ignored/>
  </testcase> <!-- NewLoan_VoidEncryptionKey -->
  <testcase name="VerifyLoanAmount" time="0.0" classname="pack.AA_WY_PDL">
    <ignored/>
  </testcase> <!-- VerifyLoanAmount -->
  <testcase name="RegistercustmerwhichdoesnotsatisifyMinterm_verifywhetherpayfrequencydatemovedaccordingtothedate" time="0.0" classname="pack.AA_TN_PDL">
    <ignored/>
  </testcase> <!-- RegistercustmerwhichdoesnotsatisifyMinterm_verifywhetherpayfrequencydatemovedaccordingtothedate -->
  <testcase name="Advance_deposit_ACHR_WOR2CCKDiffNumbers_Transactionprocessed_deassigndrawer_MidDayDeposit_VoidWORCashOnly" time="0.0" classname="pack.AA_FL_PDL">
    <ignored/>
  </testcase> <!-- Advance_deposit_ACHR_WOR2CCKDiffNumbers_Transactionprocessed_deassigndrawer_MidDayDeposit_VoidWORCashOnly -->
  <testcase name="BuyBack_Void" time="0.0" classname="pack.AA_FL_PDL">
    <ignored/>
  </testcase> <!-- BuyBack_Void -->
  <testcase name="Advance_Deposit_ACHR_NSFFee_ACHPExclNSFFEE_Loannotclosed" time="0.0" classname="pack.AA_FL_PDL">
    <ignored/>
  </testcase> <!-- Advance_Deposit_ACHR_NSFFee_ACHPExclNSFFEE_Loannotclosed -->
  <testcase name="PartialPayment_BuyBack_Void" time="0.0" classname="pack.AA_WY_PDL">
    <ignored/>
  </testcase> <!-- PartialPayment_BuyBack_Void -->
  <testcase name="NewLoan_ReturnPosting_60days_Writeoff" time="0.0" classname="pack.AA_FL_PDL">
    <ignored/>
  </testcase> <!-- NewLoan_ReturnPosting_60days_Writeoff -->
  <testcase name="NewLoanMultiDisb_Void" time="0.0" classname="pack.AA_TN_PDL">
    <ignored/>
  </testcase> <!-- NewLoanMultiDisb_Void -->
  <testcase name="Rescind_AgeStore" time="0.0" classname="pack.AA_WY_PDL">
    <ignored/>
  </testcase> <!-- Rescind_AgeStore -->
  <testcase name="BorrowerNewLoan_Rule" time="0.0" classname="pack.AA_TN_PDL">
    <ignored/>
  </testcase> <!-- BorrowerNewLoan_Rule -->
  <testcase name="PartialPayment_ACH_Deposit" time="0.0" classname="pack.AA_FL_PDL">
    <ignored/>
  </testcase> <!-- PartialPayment_ACH_Deposit -->
  <testcase name="BorrRegistration_NewLoan" time="0.0" classname="pack.AA_WY_PDL">
    <ignored/>
  </testcase> <!-- BorrRegistration_NewLoan -->
  <testcase name="Advance_deposit_ACHPPwith2tendertypessMOwithsamenumbers_Transactionnotprocessed" time="0.0" classname="pack.AA_FL_PDL">
    <ignored/>
  </testcase> <!-- Advance_deposit_ACHPPwith2tendertypessMOwithsamenumbers_Transactionnotprocessed -->
  <testcase name="NewLoanMultipledisbursement_AgestoreVoid" time="0.0" classname="pack.AA_TN_PDL">
    <ignored/>
  </testcase> <!-- NewLoanMultipledisbursement_AgestoreVoid -->
  <testcase name="Loan_ReturnPosting_NSF15_Void_WO60days_Returndate" time="0.0" classname="pack.AA_FL_PDL">
    <ignored/>
  </testcase> <!-- Loan_ReturnPosting_NSF15_Void_WO60days_Returndate -->
  <testcase name="Rescind_AgeStore" time="0.0" classname="pack.AA_FL_PDL">
    <ignored/>
  </testcase> <!-- Rescind_AgeStore -->
  <testcase name="BuyBack_Void" time="0.0" classname="pack.AA_WY_PDL">
    <ignored/>
  </testcase> <!-- BuyBack_Void -->
  <testcase name="NewLoan_Void" time="0.0" classname="pack.AA_WY_PDL">
    <ignored/>
  </testcase> <!-- NewLoan_Void -->
  <testcase name="PartialPayment_BuyBack_Void" time="0.0" classname="pack.AA_FL_PDL">
    <ignored/>
  </testcase> <!-- PartialPayment_BuyBack_Void -->
  <testcase name="BorrowerRegistration_NewLoan" time="0.0" classname="pack.AA_FL_PDL">
    <ignored/>
  </testcase> <!-- BorrowerRegistration_NewLoan -->
  <testcase name="NewLoan_BuybackWithCash_ProcessingILPLoanInNextDay_LoanShouldNotBeprocessed" time="0.0" classname="pack.AA_FL_PDL">
    <ignored/>
  </testcase> <!-- NewLoan_BuybackWithCash_ProcessingILPLoanInNextDay_LoanShouldNotBeprocessed -->
  <testcase name="VerifyLoanAmount" time="0.0" classname="pack.AA_FL_PDL">
    <ignored/>
  </testcase> <!-- VerifyLoanAmount -->
  <testcase name="LoanwithCheck_Deposit_ReturnwithoutR01R09_FutureDepositNotposted" time="0.0" classname="pack.AA_FL_PDL">
    <ignored/>
  </testcase> <!-- LoanwithCheck_Deposit_ReturnwithoutR01R09_FutureDepositNotposted -->
  <testcase name="NewLoan_AgeStore_BuyBack" time="0.0" classname="pack.AA_TN_PDL">
    <ignored/>
  </testcase> <!-- NewLoan_AgeStore_BuyBack -->
  <testcase name="Void" time="0.0" classname="pack.AA_FL_PDL">
    <ignored/>
  </testcase> <!-- Void -->
  <testcase name="Prenotedeposit_Verification" time="0.0" classname="pack.AA_FL_PDL">
    <ignored/>
  </testcase> <!-- Prenotedeposit_Verification -->
  <testcase name="Partialpayment_agestorevoid" time="0.0" classname="pack.AA_WY_PDL">
    <ignored/>
  </testcase> <!-- Partialpayment_agestorevoid -->
  <testcase name="NewLoan_VoidEncryptionKey" time="0.0" classname="pack.AA_WY_PDL">
    <ignored/>
  </testcase> <!-- NewLoan_VoidEncryptionKey -->
  <testcase name="ConvertCheckToACHNacha_ACHDepositProcess_ACHReturn" time="0.0" classname="pack.AA_FL_PDL">
    <ignored/>
  </testcase> <!-- ConvertCheckToACHNacha_ACHDepositProcess_ACHReturn -->
  <testcase name="Partialpayment_void" time="0.0" classname="pack.AA_WY_PDL">
    <ignored/>
  </testcase> <!-- Partialpayment_void -->
  <testcase name="Veritec_Check_Loan_Deposit" time="0.0" classname="pack.AA_FL_PDL">
    <ignored/>
  </testcase> <!-- Veritec_Check_Loan_Deposit -->
  <testcase name="NewLoan_Deposit_Return_Prenotedeposit" time="0.0" classname="pack.AA_TN_PDL">
    <ignored/>
  </testcase> <!-- NewLoan_Deposit_Return_Prenotedeposit -->
  <testcase name="Newloan_MultipullDisb" time="0.0" classname="pack.AA_TN_PDL">
    <ignored/>
  </testcase> <!-- Newloan_MultipullDisb -->
  <testcase name="PartialPayment_BuyBackChange_Void" time="0.0" classname="pack.AA_FL_PDL">
    <ignored/>
  </testcase> <!-- PartialPayment_BuyBackChange_Void -->
  <testcase name="Veritec_Check_Loan" time="0.0" classname="pack.AA_FL_PDL">
    <ignored/>
  </testcase> <!-- Veritec_Check_Loan -->
  <testcase name="NewLoan_PreNoteDeposit_PreNoteClear" time="0.0" classname="pack.AA_FL_PDL">
    <ignored/>
  </testcase> <!-- NewLoan_PreNoteDeposit_PreNoteClear -->
  <testcase name="Rescind" time="0.0" classname="pack.AA_FL_PDL">
    <ignored/>
  </testcase> <!-- Rescind -->
  <testcase name="Loan_Deposit_PrePayment_Return" time="0.0" classname="pack.AA_FL_PDL">
    <ignored/>
  </testcase> <!-- Loan_Deposit_PrePayment_Return -->
  <testcase name="VerifyBuyBack_TotalDue" time="0.0" classname="pack.AA_WY_PDL">
    <ignored/>
  </testcase> <!-- VerifyBuyBack_TotalDue -->
  <testcase name="PartialPayment_BuyBack" time="0.0" classname="pack.AA_FL_PDL">
    <ignored/>
  </testcase> <!-- PartialPayment_BuyBack -->
  <testcase name="NewLoanMultiDisb_Void" time="0.0" classname="pack.AA_FL_PDL">
    <ignored/>
  </testcase> <!-- NewLoanMultiDisb_Void -->
  <testcase name="BorrowerNewLoan_Rule" time="0.0" classname="pack.AA_FL_PDL">
    <ignored/>
  </testcase> <!-- BorrowerNewLoan_Rule -->
  <testcase name="NewLoanMultipledisbursement_AgestoreVoid" time="0.0" classname="pack.AA_WY_PDL">
    <ignored/>
  </testcase> <!-- NewLoanMultipledisbursement_AgestoreVoid -->
  <testcase name="LoanwithACH_NACHA_ACHDepProc_ProcessClear" time="0.0" classname="pack.AA_FL_PDL">
    <ignored/>
  </testcase> <!-- LoanwithACH_NACHA_ACHDepProc_ProcessClear -->
  <testcase name="NewLoan_RPP_AgeInstwise_PPPayment" time="0.0" classname="pack.AA_FL_PDL">
    <ignored/>
  </testcase> <!-- NewLoan_RPP_AgeInstwise_PPPayment -->
  <testcase name="NewLoan_Monthly_Duedate" time="0.0" classname="pack.AA_WY_PDL">
    <ignored/>
  </testcase> <!-- NewLoan_Monthly_Duedate -->
  <testcase name="NewLoan_DueDate_Holiday_Verification" time="0.0" classname="pack.AA_FL_PDL">
    <ignored/>
  </testcase> <!-- NewLoan_DueDate_Holiday_Verification -->
  <testcase name="Loan_Deposit_FullPrePayment_Clear_Refund" time="0.0" classname="pack.AA_FL_PDL">
    <ignored/>
  </testcase> <!-- Loan_Deposit_FullPrePayment_Clear_Refund -->
  <testcase name="RegistercustmerwhichdoesnotsatisifyMinterm_verifywhetherpayfrequencydatemovedaccordingtothedate" time="0.0" classname="pack.AA_FL_PDL">
    <ignored/>
  </testcase> <!-- RegistercustmerwhichdoesnotsatisifyMinterm_verifywhetherpayfrequencydatemovedaccordingtothedate -->
  <testcase name="NewLoan_PreNoteDiposit_6daysBeforeDueDate" time="0.0" classname="pack.AA_FL_PDL">
    <ignored/>
  </testcase> <!-- NewLoan_PreNoteDiposit_6daysBeforeDueDate -->
  <testcase name="Veritec_Check_Loan_Rescind" time="0.0" classname="pack.AA_FL_PDL">
    <ignored/>
  </testcase> <!-- Veritec_Check_Loan_Rescind -->
  <testcase name="Byback_agestore_void" time="0.0" classname="pack.AA_FL_PDL">
    <ignored/>
  </testcase> <!-- Byback_agestore_void -->
  <testcase name="NewLoan_Biweekly_Duedate" time="0.0" classname="pack.AA_WY_PDL">
    <ignored/>
  </testcase> <!-- NewLoan_Biweekly_Duedate -->
  <testcase name="Advance_Deposit_ACH_NSFFeeshouldbechargedas30$" time="0.0" classname="pack.AA_FL_PDL">
    <ignored/>
  </testcase> <!-- Advance_Deposit_ACH_NSFFeeshouldbechargedas30$ -->
  <testcase name="NewLoan_AgeStore_BuyBack" time="0.0" classname="pack.AA_WY_PDL">
    <ignored/>
  </testcase> <!-- NewLoan_AgeStore_BuyBack -->
  <testcase name="LoanWithCheck_ConvertAch_AchPrePayment_AchClr_Refund" time="0.0" classname="pack.AA_FL_PDL">
    <ignored/>
  </testcase> <!-- LoanWithCheck_ConvertAch_AchPrePayment_AchClr_Refund -->
  <testcase name="Nacha_ACHDepositProcess_ACHReturn" time="0.0" classname="pack.AA_FL_PDL">
    <ignored/>
  </testcase> <!-- Nacha_ACHDepositProcess_ACHReturn -->
  <testcase name="LoanwithCheck_ConverttoACH_ACHDepproc_ProcClear" time="0.0" classname="pack.AA_FL_PDL">
    <ignored/>
  </testcase> <!-- LoanwithCheck_ConverttoACH_ACHDepproc_ProcClear -->
  <testcase name="Partialpayment_agestorevoid" time="0.0" classname="pack.AA_TN_PDL">
    <ignored/>
  </testcase> <!-- Partialpayment_agestorevoid -->
  <testcase name="NewLoan_SemiMonthly_Duedate" time="0.0" classname="pack.AA_WY_PDL">
    <ignored/>
  </testcase> <!-- NewLoan_SemiMonthly_Duedate -->
  <testcase name="Partialpayment_void" time="0.0" classname="pack.AA_TN_PDL">
    <ignored/>
  </testcase> <!-- Partialpayment_void -->
  <testcase name="Newloan_DisbACH_void" time="0.0" classname="pack.AA_FL_PDL">
    <ignored/>
  </testcase> <!-- Newloan_DisbACH_void -->
  <testcase name="NewLoan_Deposit_Return_Prenotedeposit" time="0.0" classname="pack.AA_WY_PDL">
    <ignored/>
  </testcase> <!-- NewLoan_Deposit_Return_Prenotedeposit -->
  <testcase name="Newloan_MultipullDisb" time="0.0" classname="pack.AA_WY_PDL">
    <ignored/>
  </testcase> <!-- Newloan_MultipullDisb -->
  <testcase name="NewLoan_Weekly_Duedate" time="0.0" classname="pack.AA_WY_PDL">
    <ignored/>
  </testcase> <!-- NewLoan_Weekly_Duedate -->
  <testcase name="NewLoan_Weekly_Duedate" time="0.0" classname="pack.AA_FL_PDL">
    <ignored/>
  </testcase> <!-- NewLoan_Weekly_Duedate -->
  <testcase name="PartialPayment_BuyBackChange_Void" time="0.0" classname="pack.AA_TN_PDL">
    <ignored/>
  </testcase> <!-- PartialPayment_BuyBackChange_Void -->
  <testcase name="NewLoan_Deposit_Return_Prenotedeposit" time="0.0" classname="pack.AA_FL_PDL">
    <ignored/>
  </testcase> <!-- NewLoan_Deposit_Return_Prenotedeposit -->
  <testcase name="Newloan_MultipullDisb" time="0.0" classname="pack.AA_FL_PDL">
    <ignored/>
  </testcase> <!-- Newloan_MultipullDisb -->
  <testcase name="Advance_BuyBackWithtwotendertypesasCCKwithDifferentNumbers_TransactionShouldProcess_DrawerDeAssign_ValidateMidDayDeposit_deposit_MidDayDeposit_VoidBuyBackCashOnlyDisplay" time="0.0" classname="pack.AA_FL_PDL">
    <ignored/>
  </testcase> <!-- Advance_BuyBackWithtwotendertypesasCCKwithDifferentNumbers_TransactionShouldProcess_DrawerDeAssign_ValidateMidDayDeposit_deposit_MidDayDeposit_VoidBuyBackCashOnlyDisplay -->
  <testcase name="Advance_OptforWPN_InstallmentsDatesshouldbeaccordingtopayfrequency" time="0.0" classname="pack.AA_FL_PDL">
    <ignored/>
  </testcase> <!-- Advance_OptforWPN_InstallmentsDatesshouldbeaccordingtopayfrequency -->
  <testcase name="PartialPayment_BuyBack" time="0.0" classname="pack.AA_TN_PDL">
    <ignored/>
  </testcase> <!-- PartialPayment_BuyBack -->
  <testcase name="LoanwithACH_Deposit_ReturnwithreasonotherthanR01R09_NoFutureDepositAllow" time="0.0" classname="pack.AA_FL_PDL">
    <ignored/>
  </testcase> <!-- LoanwithACH_Deposit_ReturnwithreasonotherthanR01R09_NoFutureDepositAllow -->
  <testcase name="Veritec_Check_Loan_Void" time="0.0" classname="pack.AA_FL_PDL">
    <ignored/>
  </testcase> <!-- Veritec_Check_Loan_Void -->
  <testcase name="Prenotedeposit_Verification" time="0.0" classname="pack.AA_TN_PDL">
    <ignored/>
  </testcase> <!-- Prenotedeposit_Verification -->
  <testcase name="NewLoan_Biweekly_Duedate" time="0.0" classname="pack.AA_FL_PDL">
    <ignored/>
  </testcase> <!-- NewLoan_Biweekly_Duedate -->
  <testcase name="Newloan_PartialPayment_Deposit_Clear_Refund" time="0.0" classname="pack.AA_FL_PDL">
    <ignored/>
  </testcase> <!-- Newloan_PartialPayment_Deposit_Clear_Refund -->
  <testcase name="NewLoan_AgeStore_BuyBack" time="0.0" classname="pack.AA_FL_PDL">
    <ignored/>
  </testcase> <!-- NewLoan_AgeStore_BuyBack -->
  <testcase name="Prenotedeposit_Verification_within5businessdays" time="0.0" classname="pack.AA_FL_PDL">
    <ignored/>
  </testcase> <!-- Prenotedeposit_Verification_within5businessdays -->
  <testcase name="LoanwithCheck__DepConvertACH__Deposit__ACHReturn" time="0.0" classname="pack.AA_FL_PDL">
    <ignored/>
  </testcase> <!-- LoanwithCheck__DepConvertACH__Deposit__ACHReturn -->
  <testcase name="Advance_BuyBackWithtwotendertypesasCCKwithDifferentNumbers_TransactionShouldProcess_DrawerDeAssign_ValidateEOD_deposit_MidDayDeposit_VoidBuyBackCashOnlyDisplay" time="0.0" classname="pack.AA_FL_PDL">
    <ignored/>
  </testcase> <!-- Advance_BuyBackWithtwotendertypesasCCKwithDifferentNumbers_TransactionShouldProcess_DrawerDeAssign_ValidateEOD_deposit_MidDayDeposit_VoidBuyBackCashOnlyDisplay -->
  <testcase name="NewLoan_SemiMonthly_Duedate" time="0.0" classname="pack.AA_FL_PDL">
    <ignored/>
  </testcase> <!-- NewLoan_SemiMonthly_Duedate -->
  <testcase name="Advance_deposit_ACHPPwith2tendertypessMOwithdiffnumbers_Transactionprocessed_VoidACHPPwithcash" time="0.0" classname="pack.AA_FL_PDL">
    <ignored/>
  </testcase> <!-- Advance_deposit_ACHPPwith2tendertypessMOwithdiffnumbers_Transactionprocessed_VoidACHPPwithcash -->
  <testcase name="VerifyLoanAmount" time="0.0" classname="pack.AA_TN_PDL">
    <ignored/>
  </testcase> <!-- VerifyLoanAmount -->
  <testcase name="Advance_deposit_ACHPP2tenderCCKsamenumbers_Transactionnotprocessed" time="0.0" classname="pack.AA_FL_PDL">
    <ignored/>
  </testcase> <!-- Advance_deposit_ACHPP2tenderCCKsamenumbers_Transactionnotprocessed -->
  <testcase name="PartialPayment_BuyBack_Void" time="0.0" classname="pack.AA_TN_PDL">
    <ignored/>
  </testcase> <!-- PartialPayment_BuyBack_Void -->
  <testcase name="NewLoan_Monthly_Duedate" time="0.0" classname="pack.AA_FL_PDL">
    <ignored/>
  </testcase> <!-- NewLoan_Monthly_Duedate -->
  <testcase name="Byback_agestore_void" time="0.0" classname="pack.AA_WY_PDL">
    <ignored/>
  </testcase> <!-- Byback_agestore_void -->
  <testcase name="Loan_Agestoreduedate_performdepositPrepayment_agestore_ProcessClear" time="0.0" classname="pack.AA_FL_PDL">
    <ignored/>
  </testcase> <!-- Loan_Agestoreduedate_performdepositPrepayment_agestore_ProcessClear -->
  <testcase name="NewLoan_Perform_EPP" time="0.0" classname="pack.AA_FL_PDL">
    <ignored/>
  </testcase> <!-- NewLoan_Perform_EPP -->
  <testcase name="Loan_Deposit_PrePaymentfull_Return_RefundnotDisplay" time="0.0" classname="pack.AA_FL_PDL">
    <ignored/>
  </testcase> <!-- Loan_Deposit_PrePaymentfull_Return_RefundnotDisplay -->
  <testcase name="EPP_MissRPPPayment_EOD_Checkbox" time="0.0" classname="pack.AA_FL_PDL">
    <ignored/>
  </testcase> <!-- EPP_MissRPPPayment_EOD_Checkbox -->
  <testcase name="NewLoan_PreNoteDiposit_6daysBeforeDueDate" time="0.0" classname="pack.AA_WY_PDL">
    <ignored/>
  </testcase> <!-- NewLoan_PreNoteDiposit_6daysBeforeDueDate -->
  <testcase name="Rescind_AgeStore" time="0.0" classname="pack.AA_TN_PDL">
    <ignored/>
  </testcase> <!-- Rescind_AgeStore -->
  <testcase name="Loan_ReturnPosting_15PerofTotalDue__CheckWriteOff120daystoretdate" time="0.0" classname="pack.AA_FL_PDL">
    <ignored/>
  </testcase> <!-- Loan_ReturnPosting_15PerofTotalDue__CheckWriteOff120daystoretdate -->
  <testcase name="NewLoanMultiDisb_Void" time="0.0" classname="pack.AA_WY_PDL">
    <ignored/>
  </testcase> <!-- NewLoanMultiDisb_Void -->
  <testcase name="NewLoanMultipledisbursement_AgestoreVoid" time="0.0" classname="pack.AA_FL_PDL">
    <ignored/>
  </testcase> <!-- NewLoanMultipledisbursement_AgestoreVoid -->
  <testcase name="BorrowerNewLoan_Rule" time="0.0" classname="pack.AA_WY_PDL">
    <ignored/>
  </testcase> <!-- BorrowerNewLoan_Rule -->
  <testcase name="PickCustwithDirectDepasYes_Advance_UncheckDepositinEOD_Paydateshouldmoveforward_Agebeforenextpaydate_SelectScheduleACHinTransactionList_ProcessNACHA_MakeDeposit" time="0.0" classname="pack.AA_FL_PDL">
    <ignored/>
  </testcase> <!-- PickCustwithDirectDepasYes_Advance_UncheckDepositinEOD_Paydateshouldmoveforward_Agebeforenextpaydate_SelectScheduleACHinTransactionList_ProcessNACHA_MakeDeposit -->
</testsuite> <!-- Test -->
