<?xml version="1.0" encoding="UTF-8"?>
<!-- Generated by org.testng.reporters.JUnitXMLReporter -->
<testsuite hostname="QTLSYS1-154" ignored="153" name="Test" tests="1" failures="1" timestamp="07 Jan 2020 11:35:20 GMT" time="206.186" errors="0">
  <testcase name="NewLoan_PreNoteDeposit_PreNoteClear" time="191.754" classname="pack.AA_TN_PDL">
    <failure type="org.openqa.selenium.NoSuchElementException" message="Unable to find element with xpath == /html/body/table/tbody/tr/td/table/tbody/tr/td/form/table[3]/tbody/tr[3]/td[5]  (WARNING: The server did not provide any stacktrace information)
Command duration or timeout: 0 milliseconds
For documentation on this error, please visit: http://seleniumhq.org/exceptions/no_such_element.html
Build info: version: &amp;apos;3.14.0&amp;apos;, revision: &amp;apos;aacccce0&amp;apos;, time: &amp;apos;2018-08-02T20:19:58.91Z&amp;apos;
System info: host: &amp;apos;QTLSYS1-154&amp;apos;, ip: &amp;apos;192.168.1.154&amp;apos;, os.name: &amp;apos;Windows 10&amp;apos;, os.arch: &amp;apos;amd64&amp;apos;, os.version: &amp;apos;10.0&amp;apos;, java.version: &amp;apos;1.8.0_101&amp;apos;
Driver info: org.openqa.selenium.ie.InternetExplorerDriver
Capabilities {browserAttachTimeout: 0, browserName: internet explorer, cssSelectorsEnabled: true, elementScrollBehavior: 0, enableElementCacheCleanup: true, enablePersistentHover: true, handlesAlerts: true, ie.browserCommandLineSwitches: , ie.ensureCleanSession: false, ie.forceCreateProcessApi: false, ie.usePerProcessProxy: false, ignoreProtectedModeSettings: false, ignoreZoomSetting: false, initialBrowserUrl: http://localhost:45193/, javascriptEnabled: true, nativeEvents: true, platform: WINDOWS, platformName: WINDOWS, requireWindowFocus: false, takesScreenshot: true, unexpectedAlertBehaviour: dismiss, unhandledPromptBehavior: dismiss, version: 11}
Session ID: 3ba8a920-79a4-48a5-bc7d-0eeff7104d2e
*** Element info: {Using=xpath, value=/html/body/table/tbody/tr/td/table/tbody/tr/td/form/table[3]/tbody/tr[3]/td[5] }">
      <![CDATA[org.openqa.selenium.NoSuchElementException: Unable to find element with xpath == /html/body/table/tbody/tr/td/table/tbody/tr/td/form/table[3]/tbody/tr[3]/td[5]  (WARNING: The server did not provide any stacktrace information)
Command duration or timeout: 0 milliseconds
For documentation on this error, please visit: http://seleniumhq.org/exceptions/no_such_element.html
Build info: version: '3.14.0', revision: 'aacccce0', time: '2018-08-02T20:19:58.91Z'
System info: host: 'QTLSYS1-154', ip: '192.168.1.154', os.name: 'Windows 10', os.arch: 'amd64', os.version: '10.0', java.version: '1.8.0_101'
Driver info: org.openqa.selenium.ie.InternetExplorerDriver
Capabilities {browserAttachTimeout: 0, browserName: internet explorer, cssSelectorsEnabled: true, elementScrollBehavior: 0, enableElementCacheCleanup: true, enablePersistentHover: true, handlesAlerts: true, ie.browserCommandLineSwitches: , ie.ensureCleanSession: false, ie.forceCreateProcessApi: false, ie.usePerProcessProxy: false, ignoreProtectedModeSettings: false, ignoreZoomSetting: false, initialBrowserUrl: http://localhost:45193/, javascriptEnabled: true, nativeEvents: true, platform: WINDOWS, platformName: WINDOWS, requireWindowFocus: false, takesScreenshot: true, unexpectedAlertBehaviour: dismiss, unhandledPromptBehavior: dismiss, version: 11}
Session ID: 3ba8a920-79a4-48a5-bc7d-0eeff7104d2e
*** Element info: {Using=xpath, value=/html/body/table/tbody/tr/td/table/tbody/tr/td/form/table[3]/tbody/tr[3]/td[5] }
at org.openqa.selenium.remote.ErrorHandler.createThrowable(ErrorHandler.java:214)
at org.openqa.selenium.remote.ErrorHandler.throwIfResponseFailed(ErrorHandler.java:166)
at org.openqa.selenium.remote.http.JsonHttpResponseCodec.reconstructValue(JsonHttpResponseCodec.java:40)
at org.openqa.selenium.remote.http.AbstractHttpResponseCodec.decode(AbstractHttpResponseCodec.java:80)
at org.openqa.selenium.remote.http.AbstractHttpResponseCodec.decode(AbstractHttpResponseCodec.java:44)
at org.openqa.selenium.remote.HttpCommandExecutor.execute(HttpCommandExecutor.java:158)
at org.openqa.selenium.remote.service.DriverCommandExecutor.execute(DriverCommandExecutor.java:83)
at org.openqa.selenium.remote.RemoteWebDriver.execute(RemoteWebDriver.java:548)
at org.openqa.selenium.remote.RemoteWebDriver.findElement(RemoteWebDriver.java:322)
at org.openqa.selenium.remote.RemoteWebDriver.findElementByXPath(RemoteWebDriver.java:424)
at org.openqa.selenium.By$ByXPath.findElement(By.java:353)
at org.openqa.selenium.remote.RemoteWebDriver.findElement(RemoteWebDriver.java:314)
at pack.Clear_Status.Clear_Status(Clear_Status.java:256)
at pack.AA_TN_PDL.NewLoan_PreNoteDeposit_PreNoteClear(AA_TN_PDL.java:2647)
... Removed 29 stack frames]]>
    </failure>
  </testcase> <!-- NewLoan_PreNoteDeposit_PreNoteClear -->
  <testcase name="Partialpayment_MO_SameNumber" time="0.0" classname="pack.AA_TN_PDL">
    <ignored/>
  </testcase> <!-- Partialpayment_MO_SameNumber -->
  <testcase name="Loan_ReturnPosting_30PerofTotalDue__CheckWriteOff180daystoretdate" time="0.0" classname="pack.AA_FL_PDL">
    <ignored/>
  </testcase> <!-- Loan_ReturnPosting_30PerofTotalDue__CheckWriteOff180daystoretdate -->
  <testcase name="ACHRevokeBeforePreNoteDate_ACHAuthAfterPreNoteDate" time="0.0" classname="pack.AA_TN_PDL">
    <ignored/>
  </testcase> <!-- ACHRevokeBeforePreNoteDate_ACHAuthAfterPreNoteDate -->
  <testcase name="NewLoan_AgeStore_BuyBack_2Tendertype_DiffNum_TranssionShouldBeprocessed" time="0.0" classname="pack.AA_TN_PDL">
    <ignored/>
  </testcase> <!-- NewLoan_AgeStore_BuyBack_2Tendertype_DiffNum_TranssionShouldBeprocessed -->
  <testcase name="NewLoan_Buyback_Verify" time="0.0" classname="pack.AA_TN_PDL">
    <ignored/>
  </testcase> <!-- NewLoan_Buyback_Verify -->
  <testcase name="VerifyBuyBack_TotalDue" time="0.0" classname="pack.AA_FL_PDL">
    <ignored/>
  </testcase> <!-- VerifyBuyBack_TotalDue -->
  <testcase name="EPP_MissRPPPayment_EOD_Forcefully" time="0.0" classname="pack.AA_FL_PDL">
    <ignored/>
  </testcase> <!-- EPP_MissRPPPayment_EOD_Forcefully -->
  <testcase name="Partialpayment_void" time="0.0" classname="pack.AA_FL_PDL">
    <ignored/>
  </testcase> <!-- Partialpayment_void -->
  <testcase name="Loan_AgeStore_ProcessDeposit_Nacha_DepositShouldPost" time="0.0" classname="pack.AA_TN_PDL">
    <ignored/>
  </testcase> <!-- Loan_AgeStore_ProcessDeposit_Nacha_DepositShouldPost -->
  <testcase name="Nacha_ACHDepositProcess_ACHReturn" time="0.0" classname="pack.AA_TN_PDL">
    <ignored/>
  </testcase> <!-- Nacha_ACHDepositProcess_ACHReturn -->
  <testcase name="Partialpayment_SameTender_Cash" time="0.0" classname="pack.AA_TN_PDL">
    <ignored/>
  </testcase> <!-- Partialpayment_SameTender_Cash -->
  <testcase name="LoanwithCheck_ConverttoACH_ACHDepproc_ProcClear" time="0.0" classname="pack.AA_TN_PDL">
    <ignored/>
  </testcase> <!-- LoanwithCheck_ConverttoACH_ACHDepproc_ProcClear -->
  <testcase name="Partialpayment_agestorevoid" time="0.0" classname="pack.AA_FL_PDL">
    <ignored/>
  </testcase> <!-- Partialpayment_agestorevoid -->
  <testcase name="Deposit_ACR_WOR_2tender_type_MO_transaction_Void" time="0.0" classname="pack.AA_TN_PDL">
    <ignored/>
  </testcase> <!-- Deposit_ACR_WOR_2tender_type_MO_transaction_Void -->
  <testcase name="NewLoan_Prenote_Deposit_Verification_weekly" time="0.0" classname="pack.AA_FL_PDL">
    <ignored/>
  </testcase> <!-- NewLoan_Prenote_Deposit_Verification_weekly -->
  <testcase name="LoanWithCheck_ConvertAch_AchPrePayment_AchClr_Refund" time="0.0" classname="pack.AA_TN_PDL">
    <ignored/>
  </testcase> <!-- LoanWithCheck_ConvertAch_AchPrePayment_AchClr_Refund -->
  <testcase name="Deposit_ACR_ACHP_2tender_type_cck_transaction_DrawerDeassign_Midday_Void" time="0.0" classname="pack.AA_TN_PDL">
    <ignored/>
  </testcase> <!-- Deposit_ACR_ACHP_2tender_type_cck_transaction_DrawerDeassign_Midday_Void -->
  <testcase name="NewLoan_AgeStore_BuyBack_CCK_2Tendertype_DiffNum_TranssionShouldBeprocessed_BuyBackNextProcessingday_OnlyCashshouldbeAvalible" time="0.0" classname="pack.AA_TN_PDL">
    <ignored/>
  </testcase> <!-- NewLoan_AgeStore_BuyBack_CCK_2Tendertype_DiffNum_TranssionShouldBeprocessed_BuyBackNextProcessingday_OnlyCashshouldbeAvalible -->
  <testcase name="NewLoan_VoidEncryptionKey" time="0.0" classname="pack.AA_FL_PDL">
    <ignored/>
  </testcase> <!-- NewLoan_VoidEncryptionKey -->
  <testcase name="Loan_Deposit_FullPrePayment_Clear_Refund" time="0.0" classname="pack.AA_TN_PDL">
    <ignored/>
  </testcase> <!-- Loan_Deposit_FullPrePayment_Clear_Refund -->
  <testcase name="Partialpayment_MO_DifNumber" time="0.0" classname="pack.AA_TN_PDL">
    <ignored/>
  </testcase> <!-- Partialpayment_MO_DifNumber -->
  <testcase name="RegistercustmerwhichdoesnotsatisifyMinterm_verifywhetherpayfrequencydatemovedaccordingtothedate" time="0.0" classname="pack.AA_TN_PDL">
    <ignored/>
  </testcase> <!-- RegistercustmerwhichdoesnotsatisifyMinterm_verifywhetherpayfrequencydatemovedaccordingtothedate -->
  <testcase name="BuyBack_Void" time="0.0" classname="pack.AA_FL_PDL">
    <ignored/>
  </testcase> <!-- BuyBack_Void -->
  <testcase name="NewLoan_ReturnPosting_60days_Writeoff" time="0.0" classname="pack.AA_FL_PDL">
    <ignored/>
  </testcase> <!-- NewLoan_ReturnPosting_60days_Writeoff -->
  <testcase name="NewLoan_AgeStore_BuyBack_CCK_2Tendertype_DiffNum_TranssionShouldBeprocessed_BuyBackVoidWithOriginalTender" time="0.0" classname="pack.AA_TN_PDL">
    <ignored/>
  </testcase> <!-- NewLoan_AgeStore_BuyBack_CCK_2Tendertype_DiffNum_TranssionShouldBeprocessed_BuyBackVoidWithOriginalTender -->
  <testcase name="PartialPayment_ACH_Deposit" time="0.0" classname="pack.AA_FL_PDL">
    <ignored/>
  </testcase> <!-- PartialPayment_ACH_Deposit -->
  <testcase name="Partialpayment_CCK_DifNumber_Encryption_Void_Cash" time="0.0" classname="pack.AA_TN_PDL">
    <ignored/>
  </testcase> <!-- Partialpayment_CCK_DifNumber_Encryption_Void_Cash -->
  <testcase name="NewLoan_Depost_Return_Redeposit_ProcessClear_Refund" time="0.0" classname="pack.AA_TN_PDL">
    <ignored/>
  </testcase> <!-- NewLoan_Depost_Return_Redeposit_ProcessClear_Refund -->
  <testcase name="LoanwithACH_NACHA_ACHDepProc_ProcessClear" time="0.0" classname="pack.AA_TN_PDL">
    <ignored/>
  </testcase> <!-- LoanwithACH_NACHA_ACHDepProc_ProcessClear -->
  <testcase name="PartialPayment_MultipleTenderTypes" time="0.0" classname="pack.AA_TN_PDL">
    <ignored/>
  </testcase> <!-- PartialPayment_MultipleTenderTypes -->
  <testcase name="NewLoan_validate_RPP" time="0.0" classname="pack.AA_TN_PDL">
    <ignored/>
  </testcase> <!-- NewLoan_validate_RPP -->
  <testcase name="Partialpayment_MO_Dif_EOD_Deposit_CasVoid" time="0.0" classname="pack.AA_TN_PDL">
    <ignored/>
  </testcase> <!-- Partialpayment_MO_Dif_EOD_Deposit_CasVoid -->
  <testcase name="NewLoan_Deposit_CheckPartialPaymentDisplay_AfterDeposit" time="0.0" classname="pack.AA_TN_PDL">
    <ignored/>
  </testcase> <!-- NewLoan_Deposit_CheckPartialPaymentDisplay_AfterDeposit -->
  <testcase name="Loan_ReturnPosting_NSF15_Void_WO60days_Returndate" time="0.0" classname="pack.AA_FL_PDL">
    <ignored/>
  </testcase> <!-- Loan_ReturnPosting_NSF15_Void_WO60days_Returndate -->
  <testcase name="Deposit_ACR_ACHP_2tender_type_cck_same_transaction" time="0.0" classname="pack.AA_TN_PDL">
    <ignored/>
  </testcase> <!-- Deposit_ACR_ACHP_2tender_type_cck_same_transaction -->
  <testcase name="Rescind_AgeStore" time="0.0" classname="pack.AA_FL_PDL">
    <ignored/>
  </testcase> <!-- Rescind_AgeStore -->
  <testcase name="ACHLoan_ACHRev_ACHAuth_ACHDep_CheckDepwithNewBnkDet" time="0.0" classname="pack.AA_TN_PDL">
    <ignored/>
  </testcase> <!-- ACHLoan_ACHRev_ACHAuth_ACHDep_CheckDepwithNewBnkDet -->
  <testcase name="NewLoan_PerformDeposit_ThroughEOD" time="0.0" classname="pack.AA_TN_PDL">
    <ignored/>
  </testcase> <!-- NewLoan_PerformDeposit_ThroughEOD -->
  <testcase name="PickCustwithDirectDepasYes_Advance_UncheckDepositinEOD_Paydateshouldmoveforward_Agebeforenextpaydate_SelectScheduleACHinTransactionList_ProcessNACHA_MakeDeposit" time="0.0" classname="pack.AA_TN_PDL">
    <ignored/>
  </testcase> <!-- PickCustwithDirectDepasYes_Advance_UncheckDepositinEOD_Paydateshouldmoveforward_Agebeforenextpaydate_SelectScheduleACHinTransactionList_ProcessNACHA_MakeDeposit -->
  <testcase name="NewLoan_AgeStore_BuyBack_2Tendertype_CashTranssionShouldnotbeprocessed" time="0.0" classname="pack.AA_TN_PDL">
    <ignored/>
  </testcase> <!-- NewLoan_AgeStore_BuyBack_2Tendertype_CashTranssionShouldnotbeprocessed -->
  <testcase name="PartialPayment_BuyBack_Void" time="0.0" classname="pack.AA_FL_PDL">
    <ignored/>
  </testcase> <!-- PartialPayment_BuyBack_Void -->
  <testcase name="Advance_BuyBackWithtwotendertypesasCCKwithDifferentNumbers_TransactionShouldProcess_DrawerDeAssign_ValidateEOD_deposit_MidDayDeposit_VoidBuyBackCashOnlyDisplay" time="0.0" classname="pack.AA_TN_PDL">
    <ignored/>
  </testcase> <!-- Advance_BuyBackWithtwotendertypesasCCKwithDifferentNumbers_TransactionShouldProcess_DrawerDeAssign_ValidateEOD_deposit_MidDayDeposit_VoidBuyBackCashOnlyDisplay -->
  <testcase name="Deposit_ACR_WOR_2tender_type_same_MO_transaction" time="0.0" classname="pack.AA_TN_PDL">
    <ignored/>
  </testcase> <!-- Deposit_ACR_WOR_2tender_type_same_MO_transaction -->
  <testcase name="Loan_Agestoreduedate_performdepositPrepayment_agestore_ProcessClear" time="0.0" classname="pack.AA_TN_PDL">
    <ignored/>
  </testcase> <!-- Loan_Agestoreduedate_performdepositPrepayment_agestore_ProcessClear -->
  <testcase name="Partialpayment_CCK_Dif_EOD_Deposit_CasVoid" time="0.0" classname="pack.AA_TN_PDL">
    <ignored/>
  </testcase> <!-- Partialpayment_CCK_Dif_EOD_Deposit_CasVoid -->
  <testcase name="BorrowerRegistration_NewLoan" time="0.0" classname="pack.AA_FL_PDL">
    <ignored/>
  </testcase> <!-- BorrowerRegistration_NewLoan -->
  <testcase name="VerifyLoanAmount" time="0.0" classname="pack.AA_FL_PDL">
    <ignored/>
  </testcase> <!-- VerifyLoanAmount -->
  <testcase name="Advance_deposit_ACHPP2tenderCCKsamenumbers_Transactionnotprocessed" time="0.0" classname="pack.AA_TN_PDL">
    <ignored/>
  </testcase> <!-- Advance_deposit_ACHPP2tenderCCKsamenumbers_Transactionnotprocessed -->
  <testcase name="LoanwithCheck_Deposit_ReturnwithoutR01R09_FutureDepositNotposted" time="0.0" classname="pack.AA_FL_PDL">
    <ignored/>
  </testcase> <!-- LoanwithCheck_Deposit_ReturnwithoutR01R09_FutureDepositNotposted -->
  <testcase name="Newloan_PartialPayment_Deposit_Clear_Refund" time="0.0" classname="pack.AA_TN_PDL">
    <ignored/>
  </testcase> <!-- Newloan_PartialPayment_Deposit_Clear_Refund -->
  <testcase name="EPP_MissRPPPayment_EOD_Checkbox" time="0.0" classname="pack.AA_TN_PDL">
    <ignored/>
  </testcase> <!-- EPP_MissRPPPayment_EOD_Checkbox -->
  <testcase name="Deposit_ACHReturn_WORwithtendertypesCCKwithsamenumbers" time="0.0" classname="pack.AA_TN_PDL">
    <ignored/>
  </testcase> <!-- Deposit_ACHReturn_WORwithtendertypesCCKwithsamenumbers -->
  <testcase name="Partialpayment_CCK_DifNumber" time="0.0" classname="pack.AA_TN_PDL">
    <ignored/>
  </testcase> <!-- Partialpayment_CCK_DifNumber -->
  <testcase name="NewLoan_Perform_EPP" time="0.0" classname="pack.AA_TN_PDL">
    <ignored/>
  </testcase> <!-- NewLoan_Perform_EPP -->
  <testcase name="Partialpayment_CCK_SameNumber" time="0.0" classname="pack.AA_TN_PDL">
    <ignored/>
  </testcase> <!-- Partialpayment_CCK_SameNumber -->
  <testcase name="Void" time="0.0" classname="pack.AA_FL_PDL">
    <ignored/>
  </testcase> <!-- Void -->
  <testcase name="NewLoan_AgeStore_BuyBack_2Tendertype_DiffNum_TranssionShouldBeprocessed_BuyBackNextProcessingday_OnlyCashshouldbeAvalible" time="0.0" classname="pack.AA_TN_PDL">
    <ignored/>
  </testcase> <!-- NewLoan_AgeStore_BuyBack_2Tendertype_DiffNum_TranssionShouldBeprocessed_BuyBackNextProcessingday_OnlyCashshouldbeAvalible -->
  <testcase name="Partialpayment_CCK_DifNumber_Void_OriginalTender" time="0.0" classname="pack.AA_TN_PDL">
    <ignored/>
  </testcase> <!-- Partialpayment_CCK_DifNumber_Void_OriginalTender -->
  <testcase name="Prenotedeposit_Verification" time="0.0" classname="pack.AA_FL_PDL">
    <ignored/>
  </testcase> <!-- Prenotedeposit_Verification -->
  <testcase name="Loan__ACHOptOutBeforePrenotedate_PrenoteDepositShouldnotpost" time="0.0" classname="pack.AA_TN_PDL">
    <ignored/>
  </testcase> <!-- Loan__ACHOptOutBeforePrenotedate_PrenoteDepositShouldnotpost -->
  <testcase name="NewLoan_LoginPAM_RescindACHoptioncheck" time="0.0" classname="pack.AA_TN_PDL">
    <ignored/>
  </testcase> <!-- NewLoan_LoginPAM_RescindACHoptioncheck -->
  <testcase name="Advance_deposit_ACHPPwith2tendertypessMOwithdiffnumbers_Transactionprocessed_VoidACHPPwithcash" time="0.0" classname="pack.AA_TN_PDL">
    <ignored/>
  </testcase> <!-- Advance_deposit_ACHPPwith2tendertypessMOwithdiffnumbers_Transactionprocessed_VoidACHPPwithcash -->
  <testcase name="ConvertCheckToACHNacha_ACHDepositProcess_ACHReturn" time="0.0" classname="pack.AA_FL_PDL">
    <ignored/>
  </testcase> <!-- ConvertCheckToACHNacha_ACHDepositProcess_ACHReturn -->
  <testcase name="Partialpayment_Mo_DifNumber_AgestoreCashvoid" time="0.0" classname="pack.AA_TN_PDL">
    <ignored/>
  </testcase> <!-- Partialpayment_Mo_DifNumber_AgestoreCashvoid -->
  <testcase name="Advance_EPP_PPAYwith2tendertypesasMOwithsamenumbers_Transactionnotprocessed" time="0.0" classname="pack.AA_TN_PDL">
    <ignored/>
  </testcase> <!-- Advance_EPP_PPAYwith2tendertypesasMOwithsamenumbers_Transactionnotprocessed -->
  <testcase name="LoanwithCheck__DepConvertACH__Deposit__ACHReturn" time="0.0" classname="pack.AA_TN_PDL">
    <ignored/>
  </testcase> <!-- LoanwithCheck__DepConvertACH__Deposit__ACHReturn -->
  <testcase name="Advance_BuyBackWithtwotendertypesasCCKwithDifferentNumbers_TransactionShouldProcess_DrawerDeAssign_ValidateMidDayDeposit_deposit_MidDayDeposit_VoidBuyBackCashOnlyDisplay" time="0.0" classname="pack.AA_TN_PDL">
    <ignored/>
  </testcase> <!-- Advance_BuyBackWithtwotendertypesasCCKwithDifferentNumbers_TransactionShouldProcess_DrawerDeAssign_ValidateMidDayDeposit_deposit_MidDayDeposit_VoidBuyBackCashOnlyDisplay -->
  <testcase name="NewLoan_AgeStore_BuyBack_2Tendertype_CCK_SameNum_TranssionShouldnotbeprocessed" time="0.0" classname="pack.AA_TN_PDL">
    <ignored/>
  </testcase> <!-- NewLoan_AgeStore_BuyBack_2Tendertype_CCK_SameNum_TranssionShouldnotbeprocessed -->
  <testcase name="NewLoan_Deposit_Return_Prenotedeposit" time="0.0" classname="pack.AA_TN_PDL">
    <ignored/>
  </testcase> <!-- NewLoan_Deposit_Return_Prenotedeposit -->
  <testcase name="PartialPayment_BuyBackChange_Void" time="0.0" classname="pack.AA_FL_PDL">
    <ignored/>
  </testcase> <!-- PartialPayment_BuyBackChange_Void -->
  <testcase name="Partialpayment_CCK_Dif_MidDayDeposit_CashVoid" time="0.0" classname="pack.AA_TN_PDL">
    <ignored/>
  </testcase> <!-- Partialpayment_CCK_Dif_MidDayDeposit_CashVoid -->
  <testcase name="NewLoan_PreNoteDeposit_PreNoteClear" time="0.0" classname="pack.AA_FL_PDL">
    <ignored/>
  </testcase> <!-- NewLoan_PreNoteDeposit_PreNoteClear -->
  <testcase name="Rescind" time="0.0" classname="pack.AA_FL_PDL">
    <ignored/>
  </testcase> <!-- Rescind -->
  <testcase name="LoanWithCheck_DepConvertToACH_ACHDep_ProcessEOD" time="0.0" classname="pack.AA_TN_PDL">
    <ignored/>
  </testcase> <!-- LoanWithCheck_DepConvertToACH_ACHDep_ProcessEOD -->
  <testcase name="LoanwithACH_Deposit_ReturnwithreasonotherthanR01R09_NoFutureDepositAllow" time="0.0" classname="pack.AA_TN_PDL">
    <ignored/>
  </testcase> <!-- LoanwithACH_Deposit_ReturnwithreasonotherthanR01R09_NoFutureDepositAllow -->
  <testcase name="Loan_Deposit_PrePayment_Return" time="0.0" classname="pack.AA_FL_PDL">
    <ignored/>
  </testcase> <!-- Loan_Deposit_PrePayment_Return -->
  <testcase name="PartialPayment_BuyBack" time="0.0" classname="pack.AA_FL_PDL">
    <ignored/>
  </testcase> <!-- PartialPayment_BuyBack -->
  <testcase name="NewLoanMultiDisb_Void" time="0.0" classname="pack.AA_FL_PDL">
    <ignored/>
  </testcase> <!-- NewLoanMultiDisb_Void -->
  <testcase name="Loan_ReturnPosting_15PerofTotalDue__CheckWriteOff120daystoretdate" time="0.0" classname="pack.AA_TN_PDL">
    <ignored/>
  </testcase> <!-- Loan_ReturnPosting_15PerofTotalDue__CheckWriteOff120daystoretdate -->
  <testcase name="NewLoan_AgeStore_BuyBack_2Tendertype_DiffNum_TranssionShouldBeprocessed_BuyBackVoidwithCash" time="0.0" classname="pack.AA_TN_PDL">
    <ignored/>
  </testcase> <!-- NewLoan_AgeStore_BuyBack_2Tendertype_DiffNum_TranssionShouldBeprocessed_BuyBackVoidwithCash -->
  <testcase name="PartialPayment_ACH_Deposit" time="0.0" classname="pack.AA_TN_PDL">
    <ignored/>
  </testcase> <!-- PartialPayment_ACH_Deposit -->
  <testcase name="BorrowerNewLoan_Rule" time="0.0" classname="pack.AA_FL_PDL">
    <ignored/>
  </testcase> <!-- BorrowerNewLoan_Rule -->
  <testcase name="Partialpayment_Mo_DifNumber_Cashvoid" time="0.0" classname="pack.AA_TN_PDL">
    <ignored/>
  </testcase> <!-- Partialpayment_Mo_DifNumber_Cashvoid -->
  <testcase name="LoanwithACH_NACHA_ACHDepProc_ProcessClear" time="0.0" classname="pack.AA_FL_PDL">
    <ignored/>
  </testcase> <!-- LoanwithACH_NACHA_ACHDepProc_ProcessClear -->
  <testcase name="NewLoan_RPP_AgeInstwise_PPPayment" time="0.0" classname="pack.AA_FL_PDL">
    <ignored/>
  </testcase> <!-- NewLoan_RPP_AgeInstwise_PPPayment -->
  <testcase name="PreNotDeposit_PreNoteClear_CustomerInactive_Deposit" time="0.0" classname="pack.AA_TN_PDL">
    <ignored/>
  </testcase> <!-- PreNotDeposit_PreNoteClear_CustomerInactive_Deposit -->
  <testcase name="Deposit_ACHReturn_WORwithtendertypesCCKwithdefferentnumbers" time="0.0" classname="pack.AA_TN_PDL">
    <ignored/>
  </testcase> <!-- Deposit_ACHReturn_WORwithtendertypesCCKwithdefferentnumbers -->
  <testcase name="NewLoan_PartialPayment" time="0.0" classname="pack.AA_TN_PDL">
    <ignored/>
  </testcase> <!-- NewLoan_PartialPayment -->
  <testcase name="Advance_deposit_ACHR_WOR2CCKDiffNumbers_Transactionprocessed_deassigndrawer_MidDayDeposit_VoidWORCashOnly" time="0.0" classname="pack.AA_TN_PDL">
    <ignored/>
  </testcase> <!-- Advance_deposit_ACHR_WOR2CCKDiffNumbers_Transactionprocessed_deassigndrawer_MidDayDeposit_VoidWORCashOnly -->
  <testcase name="NewLoan_Deposit_Clear_prepayment_clear_refund" time="0.0" classname="pack.AA_TN_PDL">
    <ignored/>
  </testcase> <!-- NewLoan_Deposit_Clear_prepayment_clear_refund -->
  <testcase name="Deposit_ACR_ACHP_2tender_type_MO_same_transaction" time="0.0" classname="pack.AA_TN_PDL">
    <ignored/>
  </testcase> <!-- Deposit_ACR_ACHP_2tender_type_MO_same_transaction -->
  <testcase name="Deposit_ACR_ACHP_2tender_type_cck_transaction_void" time="0.0" classname="pack.AA_TN_PDL">
    <ignored/>
  </testcase> <!-- Deposit_ACR_ACHP_2tender_type_cck_transaction_void -->
  <testcase name="NewLoan_DueDate_Holiday_Verification" time="0.0" classname="pack.AA_FL_PDL">
    <ignored/>
  </testcase> <!-- NewLoan_DueDate_Holiday_Verification -->
  <testcase name="Loan_Deposit_FullPrePayment_Clear_Refund" time="0.0" classname="pack.AA_FL_PDL">
    <ignored/>
  </testcase> <!-- Loan_Deposit_FullPrePayment_Clear_Refund -->
  <testcase name="Deposit_ACR_ACHP_2tender_type_MO_transaction_void_with_cash" time="0.0" classname="pack.AA_TN_PDL">
    <ignored/>
  </testcase> <!-- Deposit_ACR_ACHP_2tender_type_MO_transaction_void_with_cash -->
  <testcase name="NewLoan_PreNoteDiposit_6daysBeforeDueDate" time="0.0" classname="pack.AA_FL_PDL">
    <ignored/>
  </testcase> <!-- NewLoan_PreNoteDiposit_6daysBeforeDueDate -->
  <testcase name="Loan__ACHOptOutBeforePrenotedate__ACHOptInAfterPrenOteDate__PrenoteDepInAdmin___PreNotedep" time="0.0" classname="pack.AA_TN_PDL">
    <ignored/>
  </testcase> <!-- Loan__ACHOptOutBeforePrenotedate__ACHOptInAfterPrenOteDate__PrenoteDepInAdmin___PreNotedep -->
  <testcase name="NewLoan_PartialPayment_throghEOD_CheckDepositdAmount" time="0.0" classname="pack.AA_TN_PDL">
    <ignored/>
  </testcase> <!-- NewLoan_PartialPayment_throghEOD_CheckDepositdAmount -->
  <testcase name="Byback_agestore_void" time="0.0" classname="pack.AA_FL_PDL">
    <ignored/>
  </testcase> <!-- Byback_agestore_void -->
  <testcase name="NewLoan_EPP_PPAYwith2tenderTyprsCCK_Diffnumbers__DrawerDeassign_MidDayDeposit_VoidPPay" time="0.0" classname="pack.AA_TN_PDL">
    <ignored/>
  </testcase> <!-- NewLoan_EPP_PPAYwith2tenderTyprsCCK_Diffnumbers__DrawerDeassign_MidDayDeposit_VoidPPay -->
  <testcase name="NewLoan_Deposit_Clear_prepayment_clear_refund_check" time="0.0" classname="pack.AA_TN_PDL">
    <ignored/>
  </testcase> <!-- NewLoan_Deposit_Clear_prepayment_clear_refund_check -->
  <testcase name="Newloan_VoidPrePayment" time="0.0" classname="pack.AA_TN_PDL">
    <ignored/>
  </testcase> <!-- Newloan_VoidPrePayment -->
  <testcase name="Advance_deposit_ACHPP2tenderCCKdiffnumbers_Transactionprocessed_VoidACHPPwithOriginaltender_Validatetenderdetails" time="0.0" classname="pack.AA_TN_PDL">
    <ignored/>
  </testcase> <!-- Advance_deposit_ACHPP2tenderCCKdiffnumbers_Transactionprocessed_VoidACHPPwithOriginaltender_Validatetenderdetails -->
  <testcase name="Advance_EPP_PPAYwith2tendertypesasMOwithdiffnumbers_Transactionprocessed_VoidACHPPCash" time="0.0" classname="pack.AA_TN_PDL">
    <ignored/>
  </testcase> <!-- Advance_EPP_PPAYwith2tendertypesasMOwithdiffnumbers_Transactionprocessed_VoidACHPPCash -->
  <testcase name="LoanWithCheck_ConvertAch_AchPrePayment_AchClr_Refund" time="0.0" classname="pack.AA_FL_PDL">
    <ignored/>
  </testcase> <!-- LoanWithCheck_ConvertAch_AchPrePayment_AchClr_Refund -->
  <testcase name="NewLoan_ReturnPosting_60days_Writeoff" time="0.0" classname="pack.AA_TN_PDL">
    <ignored/>
  </testcase> <!-- NewLoan_ReturnPosting_60days_Writeoff -->
  <testcase name="Nacha_ACHDepositProcess_ACHReturn" time="0.0" classname="pack.AA_FL_PDL">
    <ignored/>
  </testcase> <!-- Nacha_ACHDepositProcess_ACHReturn -->
  <testcase name="Advance_deposit_ACHPP2tenderCCKdiffnumbers_Transactionnprocessed_ValidateandprocessMidDayDeposit_VoidwithCashonlyDisplayed" time="0.0" classname="pack.AA_TN_PDL">
    <ignored/>
  </testcase> <!-- Advance_deposit_ACHPP2tenderCCKdiffnumbers_Transactionnprocessed_ValidateandprocessMidDayDeposit_VoidwithCashonlyDisplayed -->
  <testcase name="NewLoan_AgeStore_BuyBack_CCK_2Tendertype_DiffNum_TranssionShouldBeprocessed" time="0.0" classname="pack.AA_TN_PDL">
    <ignored/>
  </testcase> <!-- NewLoan_AgeStore_BuyBack_CCK_2Tendertype_DiffNum_TranssionShouldBeprocessed -->
  <testcase name="LoanwithCheck_ConverttoACH_ACHDepproc_ProcClear" time="0.0" classname="pack.AA_FL_PDL">
    <ignored/>
  </testcase> <!-- LoanwithCheck_ConverttoACH_ACHDepproc_ProcClear -->
  <testcase name="NewLoan_AgeStore_BuyBack_2Tendertype_Mo_SameNum_TranssionShouldnotbeprocessed" time="0.0" classname="pack.AA_TN_PDL">
    <ignored/>
  </testcase> <!-- NewLoan_AgeStore_BuyBack_2Tendertype_Mo_SameNum_TranssionShouldnotbeprocessed -->
  <testcase name="PickCustwithDirectDepasYes_Advance_UncheckDepositinEOD_Paydateshouldmoveforward" time="0.0" classname="pack.AA_TN_PDL">
    <ignored/>
  </testcase> <!-- PickCustwithDirectDepasYes_Advance_UncheckDepositinEOD_Paydateshouldmoveforward -->
  <testcase name="ConvertCheckToACHNacha_ACHDepositProcess_ACHReturn" time="0.0" classname="pack.AA_TN_PDL">
    <ignored/>
  </testcase> <!-- ConvertCheckToACHNacha_ACHDepositProcess_ACHReturn -->
  <testcase name="Partialpayment_Mo_DifNumber_void" time="0.0" classname="pack.AA_TN_PDL">
    <ignored/>
  </testcase> <!-- Partialpayment_Mo_DifNumber_void -->
  <testcase name="NewLoan_AchRevoke_DepositShouldNotDisplay" time="0.0" classname="pack.AA_TN_PDL">
    <ignored/>
  </testcase> <!-- NewLoan_AchRevoke_DepositShouldNotDisplay -->
  <testcase name="PartialPayment_Agestore_CheckLoanDisplayedEOD" time="0.0" classname="pack.AA_TN_PDL">
    <ignored/>
  </testcase> <!-- PartialPayment_Agestore_CheckLoanDisplayedEOD -->
  <testcase name="Partialpayment_MO_Dif_MidDayDeposit_CashVoid" time="0.0" classname="pack.AA_TN_PDL">
    <ignored/>
  </testcase> <!-- Partialpayment_MO_Dif_MidDayDeposit_CashVoid -->
  <testcase name="Loan_ReturnPosting_30PerofTotalDue__CheckWriteOff180daystoretdate" time="0.0" classname="pack.AA_TN_PDL">
    <ignored/>
  </testcase> <!-- Loan_ReturnPosting_30PerofTotalDue__CheckWriteOff180daystoretdate -->
  <testcase name="PreNoteDepositClear_CustomerInactiveAndActive_EOD" time="0.0" classname="pack.AA_TN_PDL">
    <ignored/>
  </testcase> <!-- PreNoteDepositClear_CustomerInactiveAndActive_EOD -->
  <testcase name="RPPPayment_With2tenderCCK_Samenumbers_Trans_ShouldNotProcessed" time="0.0" classname="pack.AA_TN_PDL">
    <ignored/>
  </testcase> <!-- RPPPayment_With2tenderCCK_Samenumbers_Trans_ShouldNotProcessed -->
  <testcase name="NewLoan_AgeStore_BuyBack_2Tendertype_DiffNum_TranssionShouldBeprocessed_BuyBackVoidWithOriginalTender" time="0.0" classname="pack.AA_TN_PDL">
    <ignored/>
  </testcase> <!-- NewLoan_AgeStore_BuyBack_2Tendertype_DiffNum_TranssionShouldBeprocessed_BuyBackVoidWithOriginalTender -->
  <testcase name="Newloan_DisbACH_void" time="0.0" classname="pack.AA_FL_PDL">
    <ignored/>
  </testcase> <!-- Newloan_DisbACH_void -->
  <testcase name="EPP_MissRPPPayment_EOD_Forcefully" time="0.0" classname="pack.AA_TN_PDL">
    <ignored/>
  </testcase> <!-- EPP_MissRPPPayment_EOD_Forcefully -->
  <testcase name="NewLoanwithcheck_VerifycheckAmountfield" time="0.0" classname="pack.AA_TN_PDL">
    <ignored/>
  </testcase> <!-- NewLoanwithcheck_VerifycheckAmountfield -->
  <testcase name="NewLoan_Weekly_Duedate" time="0.0" classname="pack.AA_FL_PDL">
    <ignored/>
  </testcase> <!-- NewLoan_Weekly_Duedate -->
  <testcase name="NewLoan_Deposit_Return_Prenotedeposit" time="0.0" classname="pack.AA_FL_PDL">
    <ignored/>
  </testcase> <!-- NewLoan_Deposit_Return_Prenotedeposit -->
  <testcase name="Newloan_MultipullDisb" time="0.0" classname="pack.AA_FL_PDL">
    <ignored/>
  </testcase> <!-- Newloan_MultipullDisb -->
  <testcase name="CheckingPartialPmt_SomeDaysAfterDueDate" time="0.0" classname="pack.AA_TN_PDL">
    <ignored/>
  </testcase> <!-- CheckingPartialPmt_SomeDaysAfterDueDate -->
  <testcase name="ACH_Nacha_AchDepAdmin" time="0.0" classname="pack.AA_TN_PDL">
    <ignored/>
  </testcase> <!-- ACH_Nacha_AchDepAdmin -->
  <testcase name="Loan_Deposit_PrePayment_Return" time="0.0" classname="pack.AA_TN_PDL">
    <ignored/>
  </testcase> <!-- Loan_Deposit_PrePayment_Return -->
  <testcase name="NewLoan_AgeStore_BuyBack_2Tendertype_DiffNum_MiddayDeposit_BuyBackVoid" time="0.0" classname="pack.AA_TN_PDL">
    <ignored/>
  </testcase> <!-- NewLoan_AgeStore_BuyBack_2Tendertype_DiffNum_MiddayDeposit_BuyBackVoid -->
  <testcase name="NewLoan_Biweekly_Duedate" time="0.0" classname="pack.AA_FL_PDL">
    <ignored/>
  </testcase> <!-- NewLoan_Biweekly_Duedate -->
  <testcase name="Newloan_PartialPayment_Deposit_Clear_Refund" time="0.0" classname="pack.AA_FL_PDL">
    <ignored/>
  </testcase> <!-- Newloan_PartialPayment_Deposit_Clear_Refund -->
  <testcase name="NewLoan_AgeStore_BuyBack" time="0.0" classname="pack.AA_FL_PDL">
    <ignored/>
  </testcase> <!-- NewLoan_AgeStore_BuyBack -->
  <testcase name="Prenotedeposit_Verification_within5businessdays" time="0.0" classname="pack.AA_FL_PDL">
    <ignored/>
  </testcase> <!-- Prenotedeposit_Verification_within5businessdays -->
  <testcase name="LoanwithCheck__DepConvertACH__Deposit__ACHReturn" time="0.0" classname="pack.AA_FL_PDL">
    <ignored/>
  </testcase> <!-- LoanwithCheck__DepConvertACH__Deposit__ACHReturn -->
  <testcase name="Partialpayment_CCK_DifNumber_Void_Cash" time="0.0" classname="pack.AA_TN_PDL">
    <ignored/>
  </testcase> <!-- Partialpayment_CCK_DifNumber_Void_Cash -->
  <testcase name="NewLoan_SemiMonthly_Duedate" time="0.0" classname="pack.AA_FL_PDL">
    <ignored/>
  </testcase> <!-- NewLoan_SemiMonthly_Duedate -->
  <testcase name="NewLoan_EPP_PPAYwith2tenderTyprsCCK_Diffnumbers_VoidPPay" time="0.0" classname="pack.AA_TN_PDL">
    <ignored/>
  </testcase> <!-- NewLoan_EPP_PPAYwith2tenderTyprsCCK_Diffnumbers_VoidPPay -->
  <testcase name="NewLoan_Monthly_Duedate" time="0.0" classname="pack.AA_FL_PDL">
    <ignored/>
  </testcase> <!-- NewLoan_Monthly_Duedate -->
  <testcase name="NewLoan_AgeStore_BuyBack_CCK_2Tendertype_DiffNum_TranssionShouldBeprocessed_BuyBackVoidWithCash" time="0.0" classname="pack.AA_TN_PDL">
    <ignored/>
  </testcase> <!-- NewLoan_AgeStore_BuyBack_CCK_2Tendertype_DiffNum_TranssionShouldBeprocessed_BuyBackVoidWithCash -->
  <testcase name="Loan_Agestoreduedate_performdepositPrepayment_agestore_ProcessClear" time="0.0" classname="pack.AA_FL_PDL">
    <ignored/>
  </testcase> <!-- Loan_Agestoreduedate_performdepositPrepayment_agestore_ProcessClear -->
  <testcase name="NewLoan_Perform_EPP" time="0.0" classname="pack.AA_FL_PDL">
    <ignored/>
  </testcase> <!-- NewLoan_Perform_EPP -->
  <testcase name="LoanWithACH_PartialPayment_Nacha_ACHDepositFromAdmin_checkherethedepositedamount" time="0.0" classname="pack.AA_TN_PDL">
    <ignored/>
  </testcase> <!-- LoanWithACH_PartialPayment_Nacha_ACHDepositFromAdmin_checkherethedepositedamount -->
  <testcase name="LoanwithCheck_Deposit_ReturnwithoutR01R09_FutureDepositNotposted" time="0.0" classname="pack.AA_TN_PDL">
    <ignored/>
  </testcase> <!-- LoanwithCheck_Deposit_ReturnwithoutR01R09_FutureDepositNotposted -->
  <testcase name="EPP_MissRPPPayment_EOD_Checkbox" time="0.0" classname="pack.AA_FL_PDL">
    <ignored/>
  </testcase> <!-- EPP_MissRPPPayment_EOD_Checkbox -->
  <testcase name="Loan_Deposit_PrePaymentfull_Return_RefundnotDisplay" time="0.0" classname="pack.AA_FL_PDL">
    <ignored/>
  </testcase> <!-- Loan_Deposit_PrePaymentfull_Return_RefundnotDisplay -->
  <testcase name="Loan_ReturnPosting_15PerofTotalDue__CheckWriteOff120daystoretdate" time="0.0" classname="pack.AA_FL_PDL">
    <ignored/>
  </testcase> <!-- Loan_ReturnPosting_15PerofTotalDue__CheckWriteOff120daystoretdate -->
  <testcase name="Loan_Full_PrePayment" time="0.0" classname="pack.AA_TN_PDL">
    <ignored/>
  </testcase> <!-- Loan_Full_PrePayment -->
  <testcase name="Advance_deposit_ACHPPwith2tendertypessMOwithsamenumbers_Transactionnotprocessed" time="0.0" classname="pack.AA_TN_PDL">
    <ignored/>
  </testcase> <!-- Advance_deposit_ACHPPwith2tendertypessMOwithsamenumbers_Transactionnotprocessed -->
  <testcase name="Loan_ReturnPosting_NSF15_Void_WO60days_Returndate" time="0.0" classname="pack.AA_TN_PDL">
    <ignored/>
  </testcase> <!-- Loan_ReturnPosting_NSF15_Void_WO60days_Returndate -->
  <testcase name="NewLoanMultipledisbursement_AgestoreVoid" time="0.0" classname="pack.AA_FL_PDL">
    <ignored/>
  </testcase> <!-- NewLoanMultipledisbursement_AgestoreVoid -->
  <testcase name="LoanWithCheck_ConvertACH_Deposit_ACHClear" time="0.0" classname="pack.AA_TN_PDL">
    <ignored/>
  </testcase> <!-- LoanWithCheck_ConvertACH_Deposit_ACHClear -->
</testsuite> <!-- Test -->
